<?xml version="1.0" encoding="UTF-8"?>
<testng-results skipped="0" failed="0" ignored="0" total="2" passed="2">
  <reporter-output>
  </reporter-output>
  <suite name="Command line suite" duration-ms="29031" started-at="2020-05-14T05:44:16Z" finished-at="2020-05-14T05:44:45Z">
    <groups>
    </groups>
    <test name="Command line test" duration-ms="29031" started-at="2020-05-14T05:44:16Z" finished-at="2020-05-14T05:44:45Z">
      <class name="test.LoginTest">
        <test-method status="PASS" signature="validUserShouldBeAbletoLoginin()[pri:0, instance:test.LoginTest@2133c8f8]" name="validUserShouldBeAbletoLoginin" duration-ms="15733" started-at="2020-05-14T01:44:30Z" finished-at="2020-05-14T01:44:45Z">
          <reporter-output>
          </reporter-output>
        </test-method> <!-- validUserShouldBeAbletoLoginin -->
      </class> <!-- test.LoginTest -->
      <class name="test.DashBoardTest">
        <test-method status="PASS" signature="dashBoardTest()[pri:0, instance:test.DashBoardTest@58ceff1]" name="dashBoardTest" duration-ms="13261" started-at="2020-05-14T01:44:16Z" finished-at="2020-05-14T01:44:30Z">
          <reporter-output>
          </reporter-output>
        </test-method> <!-- dashBoardTest -->
      </class> <!-- test.DashBoardTest -->
    </test> <!-- Command line test -->
  </suite> <!-- Command line suite -->
</testng-results>
