<?xml version="1.0" encoding="UTF-8"?>
<testng-results skipped="0" failed="0" ignored="0" total="2" passed="2">
  <reporter-output>
  </reporter-output>
  <suite name="Default suite" duration-ms="10862" started-at="2020-05-16T03:45:25Z" finished-at="2020-05-16T03:45:36Z">
    <groups>
    </groups>
    <test name="Default test" duration-ms="10862" started-at="2020-05-16T03:45:25Z" finished-at="2020-05-16T03:45:36Z">
      <class name="test.LoginTest">
        <test-method status="PASS" signature="startUp()[pri:0, instance:test.LoginTest@105fece7]" name="startUp" is-config="true" duration-ms="6610" started-at="2020-05-15T22:45:25Z" finished-at="2020-05-15T22:45:32Z">
          <reporter-output>
          </reporter-output>
        </test-method> <!-- startUp -->
        <test-method status="PASS" signature="validUserShouldBeAbletoLoginin()[pri:1, instance:test.LoginTest@105fece7]" name="validUserShouldBeAbletoLoginin" duration-ms="2058" started-at="2020-05-15T22:45:32Z" finished-at="2020-05-15T22:45:34Z">
          <reporter-output>
          </reporter-output>
        </test-method> <!-- validUserShouldBeAbletoLoginin -->
        <test-method status="PASS" signature="addAccount()[pri:2, instance:test.LoginTest@105fece7]" name="addAccount" duration-ms="2172" started-at="2020-05-15T22:45:34Z" finished-at="2020-05-15T22:45:36Z">
          <reporter-output>
          </reporter-output>
        </test-method> <!-- addAccount -->
      </class> <!-- test.LoginTest -->
    </test> <!-- Default test -->
  </suite> <!-- Default suite -->
</testng-results>
